[debug] [2021-12-10T23:27:44.712Z] ----------------------------------------------------------------------
[debug] [2021-12-10T23:27:44.715Z] Command:       C:\Program Files\nodejs\node.exe C:\Users\Win 10 Pro\AppData\Roaming\npm\node_modules\firebase-tools\lib\bin\firebase.js serve
[debug] [2021-12-10T23:27:44.715Z] CLI Version:   9.23.1
[debug] [2021-12-10T23:27:44.716Z] Platform:      win32
[debug] [2021-12-10T23:27:44.716Z] Node Version:  v17.2.0
[debug] [2021-12-10T23:27:44.717Z] Time:          Sat Dec 11 2021 04:27:44 GMT+0500 (Pakistan Standard Time)
[debug] [2021-12-10T23:27:44.718Z] ----------------------------------------------------------------------
[debug] 
[debug] [2021-12-10T23:27:44.802Z] > command requires scopes: ["email","openid","https://www.googleapis.com/auth/cloudplatformprojects.readonly","https://www.googleapis.com/auth/firebase","https://www.googleapis.com/auth/cloud-platform"]
[debug] [2021-12-10T23:27:44.802Z] > authorizing via signed-in user (riasatemadina69@gmail.com)
[debug] [2021-12-10T23:27:44.803Z] [iam] checking project weather-telegram-93681 for permissions ["firebase.projects.get"]
[debug] [2021-12-10T23:27:44.806Z] > refreshing access token with scopes: ["email","https://www.googleapis.com/auth/cloud-platform","https://www.googleapis.com/auth/cloudplatformprojects.readonly","https://www.googleapis.com/auth/firebase","openid"]
[debug] [2021-12-10T23:27:44.807Z] >>> HTTP REQUEST POST https://www.googleapis.com/oauth2/v3/token  
 <request body omitted>
[debug] [2021-12-10T23:27:45.320Z] <<< HTTP RESPONSE 200 {"date":"Fri, 10 Dec 2021 23:27:45 GMT","pragma":"no-cache","expires":"Mon, 01 Jan 1990 00:00:00 GMT","cache-control":"no-cache, no-store, max-age=0, must-revalidate","content-type":"application/json; charset=utf-8","vary":"X-Origin, Referer, Origin,Accept-Encoding","server":"scaffolding on HTTPServer2","x-xss-protection":"0","x-frame-options":"SAMEORIGIN","x-content-type-options":"nosniff","alt-svc":"h3=\":443\"; ma=2592000,h3-29=\":443\"; ma=2592000,h3-Q050=\":443\"; ma=2592000,h3-Q046=\":443\"; ma=2592000,h3-Q043=\":443\"; ma=2592000,quic=\":443\"; ma=2592000; v=\"46,43\"","accept-ranges":"none","transfer-encoding":"chunked"}
[debug] [2021-12-10T23:27:45.344Z] >>> HTTP REQUEST POST https://cloudresourcemanager.googleapis.com/v1/projects/weather-telegram-93681:testIamPermissions  
 {"permissions":["firebase.projects.get"]}
[debug] [2021-12-10T23:27:46.809Z] <<< HTTP RESPONSE 200 {"content-type":"application/json; charset=UTF-8","vary":"X-Origin, Referer, Origin,Accept-Encoding","date":"Fri, 10 Dec 2021 23:27:46 GMT","server":"ESF","cache-control":"private","x-xss-protection":"0","x-frame-options":"SAMEORIGIN","x-content-type-options":"nosniff","server-timing":"gfet4t7; dur=1202","alt-svc":"h3=\":443\"; ma=2592000,h3-29=\":443\"; ma=2592000,h3-Q050=\":443\"; ma=2592000,h3-Q046=\":443\"; ma=2592000,h3-Q043=\":443\"; ma=2592000,quic=\":443\"; ma=2592000; v=\"46,43\"","accept-ranges":"none","transfer-encoding":"chunked"}
[debug] [2021-12-10T23:27:46.811Z] > refreshing access token with scopes: []
[debug] [2021-12-10T23:27:46.812Z] >>> HTTP REQUEST POST https://www.googleapis.com/oauth2/v3/token  
 <request body omitted>
[debug] [2021-12-10T23:27:47.189Z] <<< HTTP RESPONSE 200 {"cache-control":"no-cache, no-store, max-age=0, must-revalidate","date":"Fri, 10 Dec 2021 23:27:47 GMT","pragma":"no-cache","expires":"Mon, 01 Jan 1990 00:00:00 GMT","content-type":"application/json; charset=utf-8","vary":"X-Origin, Referer, Origin,Accept-Encoding","server":"scaffolding on HTTPServer2","x-xss-protection":"0","x-frame-options":"SAMEORIGIN","x-content-type-options":"nosniff","alt-svc":"h3=\":443\"; ma=2592000,h3-29=\":443\"; ma=2592000,h3-Q050=\":443\"; ma=2592000,h3-Q046=\":443\"; ma=2592000,h3-Q043=\":443\"; ma=2592000,quic=\":443\"; ma=2592000; v=\"46,43\"","accept-ranges":"none","transfer-encoding":"chunked"}
[debug] [2021-12-10T23:27:47.211Z] >>> [apiv2][query] GET https://firebase.googleapis.com/v1beta1/projects/weather-telegram-93681 [none]
[debug] [2021-12-10T23:27:47.932Z] <<< [apiv2][status] GET https://firebase.googleapis.com/v1beta1/projects/weather-telegram-93681 200
[debug] [2021-12-10T23:27:47.932Z] <<< [apiv2][body] GET https://firebase.googleapis.com/v1beta1/projects/weather-telegram-93681 {"projectId":"weather-telegram-93681","projectNumber":"442727641211","displayName":"weather-telegram","name":"projects/weather-telegram-93681","resources":{"hostingSite":"weather-telegram-93681"},"state":"ACTIVE"}
[info] 
[info] === Serving from 'C:\Users\Win 10 Pro\Desktop\telegram-bot-node.js\telegram-bot'...
[info] 
[warn] !  Your requested "node" version "14" doesn't match your global version "17" {"metadata":{"emulator":{"name":"functions"},"message":"Your requested \"node\" version \"14\" doesn't match your global version \"17\""}}
[debug] [2021-12-10T23:27:47.949Z] defaultcredentials: writing to file C:\Users\Win 10 Pro\AppData\Roaming\firebase\riasatemadina69_gmail_com_application_default_credentials.json
[debug] [2021-12-10T23:27:47.951Z] Setting GAC to C:\Users\Win 10 Pro\AppData\Roaming\firebase\riasatemadina69_gmail_com_application_default_credentials.json {"metadata":{"emulator":{"name":"functions"},"message":"Setting GAC to C:\\Users\\Win 10 Pro\\AppData\\Roaming\\firebase\\riasatemadina69_gmail_com_application_default_credentials.json"}}
[debug] [2021-12-10T23:27:47.953Z] >>> [apiv2][query] GET https://firebase.googleapis.com/v1beta1/projects/weather-telegram-93681/adminSdkConfig [none]
[debug] [2021-12-10T23:27:48.496Z] <<< [apiv2][status] GET https://firebase.googleapis.com/v1beta1/projects/weather-telegram-93681/adminSdkConfig 200
[debug] [2021-12-10T23:27:48.497Z] <<< [apiv2][body] GET https://firebase.googleapis.com/v1beta1/projects/weather-telegram-93681/adminSdkConfig {"projectId":"weather-telegram-93681","storageBucket":"weather-telegram-93681.appspot.com"}
[info] i  functions: Watching "C:\Users\Win 10 Pro\Desktop\telegram-bot-node.js\telegram-bot\functions" for Cloud Functions... {"metadata":{"emulator":{"name":"functions"},"message":"Watching \"C:\\Users\\Win 10 Pro\\Desktop\\telegram-bot-node.js\\telegram-bot\\functions\" for Cloud Functions..."}}
[debug] [2021-12-10T23:27:48.538Z] [worker-pool] addWorker(~diagnostic~) {"metadata":{"emulator":{"name":"functions"},"message":"[worker-pool] addWorker(~diagnostic~)"}}
[debug] [2021-12-10T23:27:48.539Z] [worker-pool] Adding worker with key ~diagnostic~, total=1 {"metadata":{"emulator":{"name":"functions"},"message":"[worker-pool] Adding worker with key ~diagnostic~, total=1"}}
[debug] [2021-12-10T23:27:48.539Z] [worker-pool] submitWork(triggerId=) {"metadata":{"emulator":{"name":"functions"},"message":"[worker-pool] submitWork(triggerId=)"}}
[debug] [2021-12-10T23:27:48.540Z] [worker-~diagnostic~-a0a64ef7-9d1b-4de6-8e38-e77840dd77fb]: Assigning socketPath: \\?\pipe\C:\Users\Win 10 Pro\Desktop\telegram-bot-node.js\telegram-bot\functions\17724 {"metadata":{"emulator":{"name":"functions"},"message":"[worker-~diagnostic~-a0a64ef7-9d1b-4de6-8e38-e77840dd77fb]: Assigning socketPath: \\\\?\\pipe\\C:\\Users\\Win 10 Pro\\Desktop\\telegram-bot-node.js\\telegram-bot\\functions\\17724"}}
[debug] [2021-12-10T23:27:48.542Z] [worker-~diagnostic~-a0a64ef7-9d1b-4de6-8e38-e77840dd77fb]: BUSY {"metadata":{"emulator":{"name":"functions"},"message":"[worker-~diagnostic~-a0a64ef7-9d1b-4de6-8e38-e77840dd77fb]: BUSY"}}
[debug] [2021-12-10T23:27:48.883Z] [runtime-status] [17724] Functions runtime initialized. {"cwd":"C:\\Users\\Win 10 Pro\\Desktop\\telegram-bot-node.js\\telegram-bot\\functions","node_version":"17.2.0"} {"metadata":{"emulator":{"name":"functions"},"message":"[runtime-status] [17724] Functions runtime initialized. {\"cwd\":\"C:\\\\Users\\\\Win 10 Pro\\\\Desktop\\\\telegram-bot-node.js\\\\telegram-bot\\\\functions\",\"node_version\":\"17.2.0\"}"}}
[debug] [2021-12-10T23:27:48.884Z] [runtime-status] [17724] Disabled runtime features: undefined {"metadata":{"emulator":{"name":"functions"},"message":"[runtime-status] [17724] Disabled runtime features: undefined"}}
[debug] [2021-12-10T23:27:48.890Z] [runtime-status] [17724] Resolved module firebase-admin {"declared":true,"installed":true,"version":"9.12.0","resolution":"C:\\Users\\Win 10 Pro\\Desktop\\telegram-bot-node.js\\telegram-bot\\functions\\node_modules\\firebase-admin\\lib\\index.js"} {"metadata":{"emulator":{"name":"functions"},"message":"[runtime-status] [17724] Resolved module firebase-admin {\"declared\":true,\"installed\":true,\"version\":\"9.12.0\",\"resolution\":\"C:\\\\Users\\\\Win 10 Pro\\\\Desktop\\\\telegram-bot-node.js\\\\telegram-bot\\\\functions\\\\node_modules\\\\firebase-admin\\\\lib\\\\index.js\"}"}}
[debug] [2021-12-10T23:27:48.901Z] [runtime-status] [17724] Resolved module firebase-functions {"declared":true,"installed":true,"version":"3.16.0","resolution":"C:\\Users\\Win 10 Pro\\Desktop\\telegram-bot-node.js\\telegram-bot\\functions\\node_modules\\firebase-functions\\lib\\index.js"} {"metadata":{"emulator":{"name":"functions"},"message":"[runtime-status] [17724] Resolved module firebase-functions {\"declared\":true,\"installed\":true,\"version\":\"3.16.0\",\"resolution\":\"C:\\\\Users\\\\Win 10 Pro\\\\Desktop\\\\telegram-bot-node.js\\\\telegram-bot\\\\functions\\\\node_modules\\\\firebase-functions\\\\lib\\\\index.js\"}"}}
[debug] [2021-12-10T23:27:48.905Z] [runtime-status] [17724] Outgoing network have been stubbed. [{"name":"http","status":"mocked"},{"name":"http","status":"mocked"},{"name":"https","status":"mocked"},{"name":"https","status":"mocked"},{"name":"net","status":"mocked"}] {"metadata":{"emulator":{"name":"functions"},"message":"[runtime-status] [17724] Outgoing network have been stubbed. [{\"name\":\"http\",\"status\":\"mocked\"},{\"name\":\"http\",\"status\":\"mocked\"},{\"name\":\"https\",\"status\":\"mocked\"},{\"name\":\"https\",\"status\":\"mocked\"},{\"name\":\"net\",\"status\":\"mocked\"}]"}}
[debug] [2021-12-10T23:27:48.909Z] [runtime-status] [17724] Resolved module firebase-functions {"declared":true,"installed":true,"version":"3.16.0","resolution":"C:\\Users\\Win 10 Pro\\Desktop\\telegram-bot-node.js\\telegram-bot\\functions\\node_modules\\firebase-functions\\lib\\index.js"} {"metadata":{"emulator":{"name":"functions"},"message":"[runtime-status] [17724] Resolved module firebase-functions {\"declared\":true,\"installed\":true,\"version\":\"3.16.0\",\"resolution\":\"C:\\\\Users\\\\Win 10 Pro\\\\Desktop\\\\telegram-bot-node.js\\\\telegram-bot\\\\functions\\\\node_modules\\\\firebase-functions\\\\lib\\\\index.js\"}"}}
[debug] [2021-12-10T23:27:49.043Z] [runtime-status] [17724] Checked functions.config() {"config":{}} {"metadata":{"emulator":{"name":"functions"},"message":"[runtime-status] [17724] Checked functions.config() {\"config\":{}}"}}
[debug] [2021-12-10T23:27:49.044Z] [runtime-status] [17724] firebase-functions has been stubbed. {"functionsResolution":{"declared":true,"installed":true,"version":"3.16.0","resolution":"C:\\Users\\Win 10 Pro\\Desktop\\telegram-bot-node.js\\telegram-bot\\functions\\node_modules\\firebase-functions\\lib\\index.js"}} {"metadata":{"emulator":{"name":"functions"},"message":"[runtime-status] [17724] firebase-functions has been stubbed. {\"functionsResolution\":{\"declared\":true,\"installed\":true,\"version\":\"3.16.0\",\"resolution\":\"C:\\\\Users\\\\Win 10 Pro\\\\Desktop\\\\telegram-bot-node.js\\\\telegram-bot\\\\functions\\\\node_modules\\\\firebase-functions\\\\lib\\\\index.js\"}}"}}
[debug] [2021-12-10T23:27:49.047Z] [runtime-status] [17724] Resolved module firebase-functions {"declared":true,"installed":true,"version":"3.16.0","resolution":"C:\\Users\\Win 10 Pro\\Desktop\\telegram-bot-node.js\\telegram-bot\\functions\\node_modules\\firebase-functions\\lib\\index.js"} {"metadata":{"emulator":{"name":"functions"},"message":"[runtime-status] [17724] Resolved module firebase-functions {\"declared\":true,\"installed\":true,\"version\":\"3.16.0\",\"resolution\":\"C:\\\\Users\\\\Win 10 Pro\\\\Desktop\\\\telegram-bot-node.js\\\\telegram-bot\\\\functions\\\\node_modules\\\\firebase-functions\\\\lib\\\\index.js\"}"}}
[debug] [2021-12-10T23:27:49.051Z] [runtime-status] [17724] Resolved module firebase-admin {"declared":true,"installed":true,"version":"9.12.0","resolution":"C:\\Users\\Win 10 Pro\\Desktop\\telegram-bot-node.js\\telegram-bot\\functions\\node_modules\\firebase-admin\\lib\\index.js"} {"metadata":{"emulator":{"name":"functions"},"message":"[runtime-status] [17724] Resolved module firebase-admin {\"declared\":true,\"installed\":true,\"version\":\"9.12.0\",\"resolution\":\"C:\\\\Users\\\\Win 10 Pro\\\\Desktop\\\\telegram-bot-node.js\\\\telegram-bot\\\\functions\\\\node_modules\\\\firebase-admin\\\\lib\\\\index.js\"}"}}
[debug] [2021-12-10T23:27:49.054Z] [runtime-status] [17724] Resolved module firebase-functions {"declared":true,"installed":true,"version":"3.16.0","resolution":"C:\\Users\\Win 10 Pro\\Desktop\\telegram-bot-node.js\\telegram-bot\\functions\\node_modules\\firebase-functions\\lib\\index.js"} {"metadata":{"emulator":{"name":"functions"},"message":"[runtime-status] [17724] Resolved module firebase-functions {\"declared\":true,\"installed\":true,\"version\":\"3.16.0\",\"resolution\":\"C:\\\\Users\\\\Win 10 Pro\\\\Desktop\\\\telegram-bot-node.js\\\\telegram-bot\\\\functions\\\\node_modules\\\\firebase-functions\\\\lib\\\\index.js\"}"}}
[debug] [2021-12-10T23:27:49.055Z] [runtime-status] [17724] firebase-admin has been stubbed. {"adminResolution":{"declared":true,"installed":true,"version":"9.12.0","resolution":"C:\\Users\\Win 10 Pro\\Desktop\\telegram-bot-node.js\\telegram-bot\\functions\\node_modules\\firebase-admin\\lib\\index.js"}} {"metadata":{"emulator":{"name":"functions"},"message":"[runtime-status] [17724] firebase-admin has been stubbed. {\"adminResolution\":{\"declared\":true,\"installed\":true,\"version\":\"9.12.0\",\"resolution\":\"C:\\\\Users\\\\Win 10 Pro\\\\Desktop\\\\telegram-bot-node.js\\\\telegram-bot\\\\functions\\\\node_modules\\\\firebase-admin\\\\lib\\\\index.js\"}}"}}
[info] +  functions[us-central1-helloWorld]: http function initialized (http://localhost:5000/weather-telegram-93681/us-central1/helloWorld). {"metadata":{"emulator":{"name":"functions"},"message":"\u001b[1mhttp\u001b[22m function initialized (http://localhost:5000/weather-telegram-93681/us-central1/helloWorld)."}}
[warn] !  External network resource requested!
   - URL: "https://api.telegram.org/bot5007093811:AAGrFgsnXSdlSZsc7ycCpJ429GFlZLx2Vtk/getMe"
 - Be careful, this may be a production service. {"metadata":{"emulator":{"name":"functions"},"message":"External network resource requested!\n   - URL: \"https://api.telegram.org/bot5007093811:AAGrFgsnXSdlSZsc7ycCpJ429GFlZLx2Vtk/getMe\"\n - Be careful, this may be a production service."}}
[debug] [2021-12-10T23:27:49.430Z] [worker-~diagnostic~-a0a64ef7-9d1b-4de6-8e38-e77840dd77fb]: IDLE {"metadata":{"emulator":{"name":"functions"},"message":"[worker-~diagnostic~-a0a64ef7-9d1b-4de6-8e38-e77840dd77fb]: IDLE"}}
[warn] !  External network resource requested!
   - URL: "https://api.telegram.org/bot5007093811:AAGrFgsnXSdlSZsc7ycCpJ429GFlZLx2Vtk/deleteWebhook"
 - Be careful, this may be a production service. {"metadata":{"emulator":{"name":"functions"},"message":"External network resource requested!\n   - URL: \"https://api.telegram.org/bot5007093811:AAGrFgsnXSdlSZsc7ycCpJ429GFlZLx2Vtk/deleteWebhook\"\n - Be careful, this may be a production service."}}
[warn] !  External network resource requested!
   - URL: "https://api.telegram.org/bot5007093811:AAGrFgsnXSdlSZsc7ycCpJ429GFlZLx2Vtk/getUpdates"
 - Be careful, this may be a production service. {"metadata":{"emulator":{"name":"functions"},"message":"External network resource requested!\n   - URL: \"https://api.telegram.org/bot5007093811:AAGrFgsnXSdlSZsc7ycCpJ429GFlZLx2Vtk/getUpdates\"\n - Be careful, this may be a production service."}}
[warn] !  External network resource requested!
   - URL: "https://api.telegram.org/bot5007093811:AAGrFgsnXSdlSZsc7ycCpJ429GFlZLx2Vtk/sendMessage"
 - Be careful, this may be a production service. {"metadata":{"emulator":{"name":"functions"},"message":"External network resource requested!\n   - URL: \"https://api.telegram.org/bot5007093811:AAGrFgsnXSdlSZsc7ycCpJ429GFlZLx2Vtk/sendMessage\"\n - Be careful, this may be a production service."}}
